0 info it worked if it ends with ok
1 verbose cli [ 'node',
1 verbose cli   '/usr/local/bin/npm',
1 verbose cli   'info',
1 verbose cli   'node-serialport',
1 verbose cli   'version' ]
2 info using npm@1.2.32
3 info using node@v0.10.12
4 verbose url raw node-serialport
5 verbose url resolving [ 'https://registry.npmjs.org/', './node-serialport' ]
6 verbose url resolved https://registry.npmjs.org/node-serialport
7 info trying registry request attempt 1 at 21:44:26
8 http GET https://registry.npmjs.org/node-serialport
9 http 404 https://registry.npmjs.org/node-serialport
10 silly registry.get cb [ 404,
10 silly registry.get   { server: 'CouchDB/1.3.1 (Erlang OTP/R15B03)',
10 silly registry.get     date: 'Sun, 06 Oct 2013 01:44:27 GMT',
10 silly registry.get     'content-type': 'application/json',
10 silly registry.get     'content-length': '52',
10 silly registry.get     'cache-control': 'must-revalidate' } ]
11 error 404 'node-serialport' is not in the npm registry.
11 error 404 You should bug the author to publish it
11 error 404
11 error 404 Maybe try 'npm search serialport'
11 error 404
11 error 404 Note that you can also install from a
11 error 404 tarball, folder, or http url, or git url.
12 error System Darwin 13.0.0
13 error command "node" "/usr/local/bin/npm" "info" "node-serialport" "version"
14 error cwd /Users/Enigmoid/Code/petri-test
15 error node -v v0.10.12
16 error npm -v 1.2.32
17 error code E404
18 verbose exit [ 1, true ]
